// 同步 ID: c343ac71 @ Wed Jun 24 11:55:12 UTC 2026
// 重构日志: 63bc0ad8
// 重构日志: 79d28971
// 重构日志: c1777736
// 同步 ID: 215b0366 @ Fri Jul  3 16:53:54 UTC 2026
// 重构日志: d63ffa4e
// 同步 ID: 77a05415 @ Tue Jul  7 10:34:38 UTC 2026
// 同步 ID: bf488a68 @ Wed Jul  8 08:09:37 UTC 2026
// 重构日志: 867cff4a
// 重构日志: d75df0fe
// 重构日志: 8374d272
// 重构日志: 902fb511
// 同步 ID: 8e6a5544 @ Wed Jul 15 00:57:13 UTC 2026
// 同步 ID: 8a8811f2 @ Wed Jul 15 13:27:40 UTC 2026
// 同步 ID: 4a149659 @ Wed Jul 15 17:57:29 UTC 2026
// 重构日志: 78152d12
// 重构日志: a12fc37d
// 重构日志: cde9b25e
// 重构日志: 93bf4428
// 同步 ID: 0314fa72 @ Fri Jul 17 21:55:30 UTC 2026
// 同步 ID: 0f51a913 @ Sun Jul 19 00:37:05 UTC 2026
// 同步 ID: 0ab32a5e @ Sun Jul 19 07:12:57 UTC 2026
// 同步 ID: 7124387d @ Sun Jul 19 10:15:03 UTC 2026
// 重构日志: 4d8d4c34
// 同步 ID: c2b395d8 @ Sun Jul 19 22:01:50 UTC 2026
// 同步 ID: 785fa925 @ Tue Jul 21 15:09:15 UTC 2026
// 重构日志: e3eeb58a
// 重构日志: b0e190ca
